2023-12-08T18:57:12+00:00 dhcp-vl2041-32819.eduroam.cornell.edu#01 I: Start test suite:0:get_health carrier.
2023-12-08T18:57:12+00:00 dhcp-vl2041-32819.eduroam.cornell.edu#01 I: Test suite:0:get_health carrier is successful.
2023-12-08T18:57:12+00:00 dhcp-vl2041-32819.eduroam.cornell.edu#01 I: End test suite:0:get_health carrier.
2023-12-08T18:57:12+00:00 dhcp-vl2041-32819.eduroam.cornell.edu#01 I: Start test suite:2:get_type_of_ship carrier.
2023-12-08T18:57:12+00:00 dhcp-vl2041-32819.eduroam.cornell.edu#01 I: Test suite:2:get_type_of_ship carrier is successful.
2023-12-08T18:57:12+00:00 dhcp-vl2041-32819.eduroam.cornell.edu#01 I: End test suite:2:get_type_of_ship carrier.
2023-12-08T18:57:12+00:00 dhcp-vl2041-32819.eduroam.cornell.edu#01 I: Start test suite:4:get_sunk carrier.
2023-12-08T18:57:12+00:00 dhcp-vl2041-32819.eduroam.cornell.edu#01 I: Test suite:4:get_sunk carrier is successful.
2023-12-08T18:57:12+00:00 dhcp-vl2041-32819.eduroam.cornell.edu#01 I: End test suite:4:get_sunk carrier.
2023-12-08T18:57:12+00:00 dhcp-vl2041-32819.eduroam.cornell.edu#01 I: Start test suite:6:get_length battleship.
2023-12-08T18:57:12+00:00 dhcp-vl2041-32819.eduroam.cornell.edu#01 I: Test suite:6:get_length battleship is successful.
2023-12-08T18:57:12+00:00 dhcp-vl2041-32819.eduroam.cornell.edu#01 I: End test suite:6:get_length battleship.
2023-12-08T18:57:12+00:00 dhcp-vl2041-32819.eduroam.cornell.edu#01 I: Start test suite:7:get_type_of_ship battleship.
2023-12-08T18:57:12+00:00 dhcp-vl2041-32819.eduroam.cornell.edu#01 I: Test suite:7:get_type_of_ship battleship is successful.
2023-12-08T18:57:12+00:00 dhcp-vl2041-32819.eduroam.cornell.edu#01 I: End test suite:7:get_type_of_ship battleship.
2023-12-08T18:57:12+00:00 dhcp-vl2041-32819.eduroam.cornell.edu#01 I: Start test suite:10:get_health destroyer.
2023-12-08T18:57:12+00:00 dhcp-vl2041-32819.eduroam.cornell.edu#01 I: Test suite:10:get_health destroyer is successful.
2023-12-08T18:57:12+00:00 dhcp-vl2041-32819.eduroam.cornell.edu#01 I: End test suite:10:get_health destroyer.
2023-12-08T18:57:12+00:00 dhcp-vl2041-32819.eduroam.cornell.edu#01 I: Start test suite:11:get_length destroyer.
2023-12-08T18:57:12+00:00 dhcp-vl2041-32819.eduroam.cornell.edu#01 I: Test suite:11:get_length destroyer is successful.
2023-12-08T18:57:12+00:00 dhcp-vl2041-32819.eduroam.cornell.edu#01 I: End test suite:11:get_length destroyer.
2023-12-08T18:57:12+00:00 dhcp-vl2041-32819.eduroam.cornell.edu#01 I: Start test suite:14:get_sunk destroyer.
2023-12-08T18:57:12+00:00 dhcp-vl2041-32819.eduroam.cornell.edu#01 I: Test suite:14:get_sunk destroyer is successful.
2023-12-08T18:57:12+00:00 dhcp-vl2041-32819.eduroam.cornell.edu#01 I: End test suite:14:get_sunk destroyer.
2023-12-08T18:57:12+00:00 dhcp-vl2041-32819.eduroam.cornell.edu#01 I: Start test suite:15:get_health submarine.
2023-12-08T18:57:12+00:00 dhcp-vl2041-32819.eduroam.cornell.edu#01 I: Test suite:15:get_health submarine is successful.
2023-12-08T18:57:12+00:00 dhcp-vl2041-32819.eduroam.cornell.edu#01 I: End test suite:15:get_health submarine.
2023-12-08T18:57:12+00:00 dhcp-vl2041-32819.eduroam.cornell.edu#01 I: Start test suite:18:get_hits submarine.
2023-12-08T18:57:12+00:00 dhcp-vl2041-32819.eduroam.cornell.edu#01 I: Test suite:18:get_hits submarine is successful.
2023-12-08T18:57:12+00:00 dhcp-vl2041-32819.eduroam.cornell.edu#01 I: End test suite:18:get_hits submarine.
2023-12-08T18:57:12+00:00 dhcp-vl2041-32819.eduroam.cornell.edu#01 I: Start test suite:19:get_sunk submarine.
2023-12-08T18:57:12+00:00 dhcp-vl2041-32819.eduroam.cornell.edu#01 I: Test suite:19:get_sunk submarine is successful.
2023-12-08T18:57:12+00:00 dhcp-vl2041-32819.eduroam.cornell.edu#01 I: End test suite:19:get_sunk submarine.
2023-12-08T18:57:12+00:00 dhcp-vl2041-32819.eduroam.cornell.edu#01 I: Start test suite:22:get_type_of_ship patrol boat.
2023-12-08T18:57:12+00:00 dhcp-vl2041-32819.eduroam.cornell.edu#01 I: Test suite:22:get_type_of_ship patrol boat is successful.
2023-12-08T18:57:12+00:00 dhcp-vl2041-32819.eduroam.cornell.edu#01 I: End test suite:22:get_type_of_ship patrol boat.
2023-12-08T18:57:12+00:00 dhcp-vl2041-32819.eduroam.cornell.edu#01 I: Start test suite:23:get_hits patrol boat.
2023-12-08T18:57:12+00:00 dhcp-vl2041-32819.eduroam.cornell.edu#01 I: Test suite:23:get_hits patrol boat is successful.
2023-12-08T18:57:12+00:00 dhcp-vl2041-32819.eduroam.cornell.edu#01 I: End test suite:23:get_hits patrol boat.
2023-12-08T18:57:12+00:00 dhcp-vl2041-32819.eduroam.cornell.edu#01 I: Start test suite:26:hit_ship again patrol boat.
2023-12-08T18:57:12+00:00 dhcp-vl2041-32819.eduroam.cornell.edu#01 I: Test suite:26:hit_ship again patrol boat is successful.
2023-12-08T18:57:12+00:00 dhcp-vl2041-32819.eduroam.cornell.edu#01 I: End test suite:26:hit_ship again patrol boat.
2023-12-08T18:57:12+00:00 dhcp-vl2041-32819.eduroam.cornell.edu#01 I: Start test suite:27:get_hits on sunk patrol boat.
2023-12-08T18:57:12+00:00 dhcp-vl2041-32819.eduroam.cornell.edu#01 I: Test suite:27:get_hits on sunk patrol boat is successful.
2023-12-08T18:57:12+00:00 dhcp-vl2041-32819.eduroam.cornell.edu#01 I: End test suite:27:get_hits on sunk patrol boat.
2023-12-08T18:57:12+00:00 dhcp-vl2041-32819.eduroam.cornell.edu#01 I: Start test suite:29:get_pos patrol boat.
2023-12-08T18:57:12+00:00 dhcp-vl2041-32819.eduroam.cornell.edu#01 I: Test suite:29:get_pos patrol boat is successful.
2023-12-08T18:57:12+00:00 dhcp-vl2041-32819.eduroam.cornell.edu#01 I: End test suite:29:get_pos patrol boat.
2023-12-08T18:57:12+00:00 dhcp-vl2041-32819.eduroam.cornell.edu#01 I: Start test suite:31:bag get_battleship.
2023-12-08T18:57:12+00:00 dhcp-vl2041-32819.eduroam.cornell.edu#01 I: Test suite:31:bag get_battleship is successful.
2023-12-08T18:57:12+00:00 dhcp-vl2041-32819.eduroam.cornell.edu#01 I: End test suite:31:bag get_battleship.
2023-12-08T18:57:12+00:00 dhcp-vl2041-32819.eduroam.cornell.edu#01 I: Start test suite:33:bag get_submarine.
2023-12-08T18:57:12+00:00 dhcp-vl2041-32819.eduroam.cornell.edu#01 I: Test suite:33:bag get_submarine is successful.
2023-12-08T18:57:12+00:00 dhcp-vl2041-32819.eduroam.cornell.edu#01 I: End test suite:33:bag get_submarine.
2023-12-08T18:57:12+00:00 dhcp-vl2041-32819.eduroam.cornell.edu#01 I: Start test suite:34:bag get_patrolboat.
2023-12-08T18:57:12+00:00 dhcp-vl2041-32819.eduroam.cornell.edu#01 I: Test suite:34:bag get_patrolboat is successful.
2023-12-08T18:57:12+00:00 dhcp-vl2041-32819.eduroam.cornell.edu#01 I: End test suite:34:bag get_patrolboat.
2023-12-08T18:57:12+00:00 dhcp-vl2041-32819.eduroam.cornell.edu#01 I: Start test suite:36:bag all_sunk.
2023-12-08T18:57:12+00:00 dhcp-vl2041-32819.eduroam.cornell.edu#01 I: Test suite:36:bag all_sunk is successful.
2023-12-08T18:57:12+00:00 dhcp-vl2041-32819.eduroam.cornell.edu#01 I: End test suite:36:bag all_sunk.
2023-12-08T18:57:12+00:00 dhcp-vl2041-32819.eduroam.cornell.edu#01 I: Start test suite:38:board ocean.
2023-12-08T18:57:12+00:00 dhcp-vl2041-32819.eduroam.cornell.edu#01 I: Test suite:38:board ocean is successful.
2023-12-08T18:57:12+00:00 dhcp-vl2041-32819.eduroam.cornell.edu#01 I: End test suite:38:board ocean.
2023-12-08T18:57:12+00:00 dhcp-vl2041-32819.eduroam.cornell.edu#01 I: Start test suite:40:board placed pb tail.
2023-12-08T18:57:12+00:00 dhcp-vl2041-32819.eduroam.cornell.edu#01 I: Test suite:40:board placed pb tail is successful.
2023-12-08T18:57:12+00:00 dhcp-vl2041-32819.eduroam.cornell.edu#01 I: End test suite:40:board placed pb tail.
2023-12-08T18:57:12+00:00 dhcp-vl2041-32819.eduroam.cornell.edu#01 I: Start test suite:42:board placed carrier tail.
2023-12-08T18:57:12+00:00 dhcp-vl2041-32819.eduroam.cornell.edu#01 I: Test suite:42:board placed carrier tail is successful.
2023-12-08T18:57:12+00:00 dhcp-vl2041-32819.eduroam.cornell.edu#01 I: End test suite:42:board placed carrier tail.
2023-12-08T18:57:12+00:00 dhcp-vl2041-32819.eduroam.cornell.edu#01 I: Start test suite:44:board check_valid ocean.
2023-12-08T18:57:12+00:00 dhcp-vl2041-32819.eduroam.cornell.edu#01 I: Test suite:44:board check_valid ocean is successful.
2023-12-08T18:57:12+00:00 dhcp-vl2041-32819.eduroam.cornell.edu#01 I: End test suite:44:board check_valid ocean.
2023-12-08T18:57:12+00:00 dhcp-vl2041-32819.eduroam.cornell.edu#01 I: Start test suite:46:board hit head.
2023-12-08T18:57:12+00:00 dhcp-vl2041-32819.eduroam.cornell.edu#01 I: Test suite:46:board hit head is successful.
2023-12-08T18:57:12+00:00 dhcp-vl2041-32819.eduroam.cornell.edu#01 I: End test suite:46:board hit head.
2023-12-08T18:57:12+00:00 dhcp-vl2041-32819.eduroam.cornell.edu#01 I: Start test suite:48:board miss.
2023-12-08T18:57:12+00:00 dhcp-vl2041-32819.eduroam.cornell.edu#01 I: Test suite:48:board miss is successful.
2023-12-08T18:57:12+00:00 dhcp-vl2041-32819.eduroam.cornell.edu#01 I: End test suite:48:board miss.
