2023-12-08T18:57:12+00:00 dhcp-vl2041-32819.eduroam.cornell.edu#02 I: Start test suite:1:get_length carrier.
2023-12-08T18:57:12+00:00 dhcp-vl2041-32819.eduroam.cornell.edu#02 I: Test suite:1:get_length carrier is successful.
2023-12-08T18:57:12+00:00 dhcp-vl2041-32819.eduroam.cornell.edu#02 I: End test suite:1:get_length carrier.
2023-12-08T18:57:12+00:00 dhcp-vl2041-32819.eduroam.cornell.edu#02 I: Start test suite:3:get_hits carrier.
2023-12-08T18:57:12+00:00 dhcp-vl2041-32819.eduroam.cornell.edu#02 I: Test suite:3:get_hits carrier is successful.
2023-12-08T18:57:12+00:00 dhcp-vl2041-32819.eduroam.cornell.edu#02 I: End test suite:3:get_hits carrier.
2023-12-08T18:57:12+00:00 dhcp-vl2041-32819.eduroam.cornell.edu#02 I: Start test suite:5:get_health battleship.
2023-12-08T18:57:12+00:00 dhcp-vl2041-32819.eduroam.cornell.edu#02 I: Test suite:5:get_health battleship is successful.
2023-12-08T18:57:12+00:00 dhcp-vl2041-32819.eduroam.cornell.edu#02 I: End test suite:5:get_health battleship.
2023-12-08T18:57:12+00:00 dhcp-vl2041-32819.eduroam.cornell.edu#02 I: Start test suite:8:get_hits battleship.
2023-12-08T18:57:12+00:00 dhcp-vl2041-32819.eduroam.cornell.edu#02 I: Test suite:8:get_hits battleship is successful.
2023-12-08T18:57:12+00:00 dhcp-vl2041-32819.eduroam.cornell.edu#02 I: End test suite:8:get_hits battleship.
2023-12-08T18:57:12+00:00 dhcp-vl2041-32819.eduroam.cornell.edu#02 I: Start test suite:9:get_sunk battleship.
2023-12-08T18:57:12+00:00 dhcp-vl2041-32819.eduroam.cornell.edu#02 I: Test suite:9:get_sunk battleship is successful.
2023-12-08T18:57:12+00:00 dhcp-vl2041-32819.eduroam.cornell.edu#02 I: End test suite:9:get_sunk battleship.
2023-12-08T18:57:12+00:00 dhcp-vl2041-32819.eduroam.cornell.edu#02 I: Start test suite:12:get_type_of_ship destroyer.
2023-12-08T18:57:12+00:00 dhcp-vl2041-32819.eduroam.cornell.edu#02 I: Test suite:12:get_type_of_ship destroyer is successful.
2023-12-08T18:57:12+00:00 dhcp-vl2041-32819.eduroam.cornell.edu#02 I: End test suite:12:get_type_of_ship destroyer.
2023-12-08T18:57:12+00:00 dhcp-vl2041-32819.eduroam.cornell.edu#02 I: Start test suite:13:get_hits destroyer.
2023-12-08T18:57:12+00:00 dhcp-vl2041-32819.eduroam.cornell.edu#02 I: Test suite:13:get_hits destroyer is successful.
2023-12-08T18:57:12+00:00 dhcp-vl2041-32819.eduroam.cornell.edu#02 I: End test suite:13:get_hits destroyer.
2023-12-08T18:57:12+00:00 dhcp-vl2041-32819.eduroam.cornell.edu#02 I: Start test suite:16:get_length submarine.
2023-12-08T18:57:12+00:00 dhcp-vl2041-32819.eduroam.cornell.edu#02 I: Test suite:16:get_length submarine is successful.
2023-12-08T18:57:12+00:00 dhcp-vl2041-32819.eduroam.cornell.edu#02 I: End test suite:16:get_length submarine.
2023-12-08T18:57:12+00:00 dhcp-vl2041-32819.eduroam.cornell.edu#02 I: Start test suite:17:get_type_of_ship submarine.
2023-12-08T18:57:12+00:00 dhcp-vl2041-32819.eduroam.cornell.edu#02 I: Test suite:17:get_type_of_ship submarine is successful.
2023-12-08T18:57:12+00:00 dhcp-vl2041-32819.eduroam.cornell.edu#02 I: End test suite:17:get_type_of_ship submarine.
2023-12-08T18:57:12+00:00 dhcp-vl2041-32819.eduroam.cornell.edu#02 I: Start test suite:20:get_health patrol boat.
2023-12-08T18:57:12+00:00 dhcp-vl2041-32819.eduroam.cornell.edu#02 I: Test suite:20:get_health patrol boat is successful.
2023-12-08T18:57:12+00:00 dhcp-vl2041-32819.eduroam.cornell.edu#02 I: End test suite:20:get_health patrol boat.
2023-12-08T18:57:12+00:00 dhcp-vl2041-32819.eduroam.cornell.edu#02 I: Start test suite:21:get_length patrol boat.
2023-12-08T18:57:12+00:00 dhcp-vl2041-32819.eduroam.cornell.edu#02 I: Test suite:21:get_length patrol boat is successful.
2023-12-08T18:57:12+00:00 dhcp-vl2041-32819.eduroam.cornell.edu#02 I: End test suite:21:get_length patrol boat.
2023-12-08T18:57:12+00:00 dhcp-vl2041-32819.eduroam.cornell.edu#02 I: Start test suite:24:get_sunk patrol boat.
2023-12-08T18:57:12+00:00 dhcp-vl2041-32819.eduroam.cornell.edu#02 I: Test suite:24:get_sunk patrol boat is successful.
2023-12-08T18:57:12+00:00 dhcp-vl2041-32819.eduroam.cornell.edu#02 I: End test suite:24:get_sunk patrol boat.
2023-12-08T18:57:12+00:00 dhcp-vl2041-32819.eduroam.cornell.edu#02 I: Start test suite:25:hit_ship patrol boat.
2023-12-08T18:57:12+00:00 dhcp-vl2041-32819.eduroam.cornell.edu#02 I: Test suite:25:hit_ship patrol boat is successful.
2023-12-08T18:57:12+00:00 dhcp-vl2041-32819.eduroam.cornell.edu#02 I: End test suite:25:hit_ship patrol boat.
2023-12-08T18:57:12+00:00 dhcp-vl2041-32819.eduroam.cornell.edu#02 I: Start test suite:28:get_sunk patrol boat.
2023-12-08T18:57:12+00:00 dhcp-vl2041-32819.eduroam.cornell.edu#02 I: Test suite:28:get_sunk patrol boat is successful.
2023-12-08T18:57:12+00:00 dhcp-vl2041-32819.eduroam.cornell.edu#02 I: End test suite:28:get_sunk patrol boat.
2023-12-08T18:57:12+00:00 dhcp-vl2041-32819.eduroam.cornell.edu#02 I: Start test suite:30:bag get_carrier.
2023-12-08T18:57:12+00:00 dhcp-vl2041-32819.eduroam.cornell.edu#02 I: Test suite:30:bag get_carrier is successful.
2023-12-08T18:57:12+00:00 dhcp-vl2041-32819.eduroam.cornell.edu#02 I: End test suite:30:bag get_carrier.
2023-12-08T18:57:12+00:00 dhcp-vl2041-32819.eduroam.cornell.edu#02 I: Start test suite:32:bag get_destroyer.
2023-12-08T18:57:12+00:00 dhcp-vl2041-32819.eduroam.cornell.edu#02 I: Test suite:32:bag get_destroyer is successful.
2023-12-08T18:57:12+00:00 dhcp-vl2041-32819.eduroam.cornell.edu#02 I: End test suite:32:bag get_destroyer.
2023-12-08T18:57:12+00:00 dhcp-vl2041-32819.eduroam.cornell.edu#02 I: Start test suite:35:bag list_health.
2023-12-08T18:57:12+00:00 dhcp-vl2041-32819.eduroam.cornell.edu#02 I: Test suite:35:bag list_health is successful.
2023-12-08T18:57:12+00:00 dhcp-vl2041-32819.eduroam.cornell.edu#02 I: End test suite:35:bag list_health.
2023-12-08T18:57:12+00:00 dhcp-vl2041-32819.eduroam.cornell.edu#02 I: Start test suite:37:bag all_sunk.
2023-12-08T18:57:12+00:00 dhcp-vl2041-32819.eduroam.cornell.edu#02 I: Test suite:37:bag all_sunk is successful.
2023-12-08T18:57:12+00:00 dhcp-vl2041-32819.eduroam.cornell.edu#02 I: End test suite:37:bag all_sunk.
2023-12-08T18:57:12+00:00 dhcp-vl2041-32819.eduroam.cornell.edu#02 I: Start test suite:39:board placed pb head.
2023-12-08T18:57:12+00:00 dhcp-vl2041-32819.eduroam.cornell.edu#02 I: Test suite:39:board placed pb head is successful.
2023-12-08T18:57:12+00:00 dhcp-vl2041-32819.eduroam.cornell.edu#02 I: End test suite:39:board placed pb head.
2023-12-08T18:57:12+00:00 dhcp-vl2041-32819.eduroam.cornell.edu#02 I: Start test suite:41:board placed carrier head.
2023-12-08T18:57:12+00:00 dhcp-vl2041-32819.eduroam.cornell.edu#02 I: Test suite:41:board placed carrier head is successful.
2023-12-08T18:57:12+00:00 dhcp-vl2041-32819.eduroam.cornell.edu#02 I: End test suite:41:board placed carrier head.
2023-12-08T18:57:12+00:00 dhcp-vl2041-32819.eduroam.cornell.edu#02 I: Start test suite:43:board check_valid existing pb.
2023-12-08T18:57:12+00:00 dhcp-vl2041-32819.eduroam.cornell.edu#02 I: Test suite:43:board check_valid existing pb is successful.
2023-12-08T18:57:12+00:00 dhcp-vl2041-32819.eduroam.cornell.edu#02 I: End test suite:43:board check_valid existing pb.
2023-12-08T18:57:12+00:00 dhcp-vl2041-32819.eduroam.cornell.edu#02 I: Start test suite:45:board check_valid existing carrier.
2023-12-08T18:57:12+00:00 dhcp-vl2041-32819.eduroam.cornell.edu#02 I: Test suite:45:board check_valid existing carrier is successful.
2023-12-08T18:57:12+00:00 dhcp-vl2041-32819.eduroam.cornell.edu#02 I: End test suite:45:board check_valid existing carrier.
2023-12-08T18:57:12+00:00 dhcp-vl2041-32819.eduroam.cornell.edu#02 I: Start test suite:47:board hit tail.
2023-12-08T18:57:12+00:00 dhcp-vl2041-32819.eduroam.cornell.edu#02 I: Test suite:47:board hit tail is successful.
2023-12-08T18:57:12+00:00 dhcp-vl2041-32819.eduroam.cornell.edu#02 I: End test suite:47:board hit tail.
2023-12-08T18:57:12+00:00 dhcp-vl2041-32819.eduroam.cornell.edu#02 I: Start test suite:49:computer board setup.
2023-12-08T18:57:12+00:00 dhcp-vl2041-32819.eduroam.cornell.edu#02 I: Test suite:49:computer board setup is successful.
2023-12-08T18:57:12+00:00 dhcp-vl2041-32819.eduroam.cornell.edu#02 I: End test suite:49:computer board setup.
